Case #1:
G??
?C?
??J
Case #2:
CODE
????
?JAM
Case #3:
CA
KE
Case #4:
A
Case #5:
?????????????????????????
?????????????????????????
?????????????????????????
?????????????????????????
?????????????????????????
?????????????????????????
?????????????????????????
?????????????????????????
???A????B????????????????
???C?????????????????????
????????D????????????????
????E????????????????????
?????????????????????????
?????????????????????????
?????????????????????????
?????????????????????????
?????????????????????????
?????????????????????????
?????????????????????????
????????????????FH???????
???????????????????J?????
?????????????????????????
?????????????????????????
?????????????????????????
????????????????G?I??????
Case #6:
?????????????G???????????
Y????????????????????????
?????????????????????????
?????????????N???????????
?????????????????????????
????B??????????Q??M??L???
?????????????????????????
???????F?????????????????
?????????????????????????
O?V?????A???Z???I????????
?????????????????????????
?????????????????????????
??????????P??????????R???
??????????????????X??????
???????????????E?????????
?????????????????????????
?????????????????????????
?????????????????????????
???K?????W???????????????
???D?????????????????U???
??J????T?????????????????
?H???????????????????????
?????????????????????????
?????????????C???????????
??????????????S??????????
Case #7:
?????????????????????????
B??????????R?????????????
????????????U????????????
?????????????????????????
???????????????Y??Q??????
?????????J???????????????
?????????????????????????
?????????????????????????
????????????G????????????
??H??????????????????????
????????????????????????I
?????????????????????????
????A??????????????????E?
?????????????????????????
???????????????????M?????
???L??N???????????????T??
????F????S???????????????
D???W????????????????????
??????????????????????C??
????V??X?????????????????
?????????P???????????????
??????????????????????O??
???????????????Z?????????
?????????????????????????
???K?????????????????????
Case #8:
B?
?A
Case #9:
?????????????????????????
????????????????????K????
??????????????????????C??
?????????????????????????
????????????????????AJ?EG
?????????????????????M???
?????????????????????????
????????????????QF??H?B?U
?????????????V???????P???
????????????SN??????IYLT?
?????????????????????????
????????????????????W??X?
?????????????????????Z???
?????????????????????????
???????????????????????D?
??????????????????O??????
??????????????????????R??
?????????????????????????
?????????????????????????
?????????????????????????
?????????????????????????
?????????????????????????
?????????????????????????
?????????????????????????
?????????????????????????
Case #10:
????????????????????????G
????????X?????????????U??
?T??J????????????????????
?????????????????????????
?Q???????????????????????
????????????Z????????????
?????????????????????????
???????????????????M?A???
H????????????????????????
S???????????P????????????
????????I??F?????????????
???????L?????V???????????
???????????????C?????????
?????????????????????????
?????????????????????????
?????????????????????????
?????????????????????????
?????????????????????????
????????????????W????????
?????O?????????????D?????
????????Y????????????????
???N??????????????K??????
?????????????????????????
B??????????E?????????????
????????????R????????????
Case #11:
?????????????????A???????
?????????????????B???????
?????????????????C???????
?????????????????D???????
?????????????????E???????
?????????????????F???????
?????????????????G???????
?????????????????H???????
?????????????????I???????
?????????????????J???????
?????????????????K???????
?????????????????L???????
?????????????????M???????
?????????????????N???????
?????????????????O???????
?????????????????P???????
?????????????????Q???????
?????????????????R???????
?????????????????S???????
?????????????????T???????
?????????????????U???????
?????????????????V???????
?????????????????W???????
?????????????????X???????
?????????????????Y???????
Case #12:
?????????????????????????
????AC???????????????????
???????E?????????????????
?????????????????????????
?????????????????????????
?????????????????????????
????B?D??????????????????
?????????????????????????
?????????????????????????
?????????????????????????
?????????????????????????
?????????????????????????
?????????????????????????
?????????????????????????
?????????????????????????
?????????????????????????
?????????????????????????
??????????????????F????G?
??????????????????H??????
???????????????????????I?
???????????????????J?????
?????????????????????????
?????????????????????????
?????????????????????????
?????????????????????????
Case #13:
?????????????????????????
?????????????????????????
?????????????????????????
?????????????????????????
?????????????????????????
?????????????????????????
?????????????????????????
?????????????????????????
?????A????B??????????????
?????C???????????????????
??????????D??????????????
??????E??????????????????
?????????????????????????
???????????????????FH????
??????????????????????J??
?????????????????????????
?????????????????????????
?????????????????????????
???????????????????G?I???
?????????????????????????
?????????????????????????
?????????????????????????
?????????????????????????
?????????????????????????
?????????????????????????
Case #14:
?????????????????????????
?A????B??????????????????
?C???????????????????????
??????D??????????????????
??E??????????????????????
?????????????????????????
?????????????????????????
?????????????????????????
?????????????????????????
?????????????????????????
?????????????????????????
?????????????????????????
?????????????????????????
?????????????????????????
?????????????????????????
?????????????????????????
?????????????????????????
???????????????FH????????
??????????????????J??????
?????????????????????????
?????????????????????????
?????????????????????????
???????????????G?I???????
?????????????????????????
?????????????????????????
Case #15:
???????V?????????????????
???????KF????????????????
?????????????????????????
?????A?PZ????????????????
????US?QI??G?????????????
???D?Y??R????????????????
???N?O?HE?L??????????????
?????JCW?XB??????????????
??????M?T????????????????
?????????????????????????
?????????????????????????
?????????????????????????
?????????????????????????
?????????????????????????
?????????????????????????
?????????????????????????
?????????????????????????
?????????????????????????
?????????????????????????
?????????????????????????
?????????????????????????
?????????????????????????
?????????????????????????
?????????????????????????
?????????????????????????
Case #16:
????????????????????????
K???????H??????????I????
????????????????????????
????????????????????????
???S???????????V?X??????
????????????U???M???????
??????????????W?????????
?????????????Q??????????
??????????????????????F?
????????????????????????
?????????Y??????????????
?????????????????????D??
???????????????J????????
?R??????????????????????
??????????T?????????????
????????????????????????
????????????????????????
???????A??P?????????????
????O???????????????????
????????????????????????
????N???????????????????
????????????????????????
????B???????????????????
????????????????????????
????????L?GE?????C??????
Case #17:
????????????????????H????
???Z??D?????E????I???????
?????????????C???????????
???????????B?????????????
???M?????????????????????
?????????????????????????
??????????R??????????????
?????????????????????????
????O????????????????????
?????????????????????????
?????????????????????????
?????????????????????????
???????YJ????????????????
V????????????????????????
?????????????????????????
?????????????????????P???
????????????T????L???????
??????U????????W?????S???
????X????????????????????
???Q?????????????????????
????G??????????N?????????
?????????????????????????
?????????????????????????
A??????????????????K?????
?????????????F???????????
Case #18:
?????????????????????????
???????????????????I?????
?????A???????????????????
?????????????????????????
???????Q?????????????????
????????F?????U??????????
??????????H?????????K????
???V?????????????????????
?????Z?E?????????????????
??????M??????????????????
?????????????????????S???
??????????????????????C??
?????????????????????????
?????????????????????????
?????????Y???????????????
????????????????????????B
?????????????????????????
?????????????????????????
?????????????????????????
???????????????N?????????
???X???W????????????????T
?????????????????????????
?????????????????????P???
?????????L???????D??R????
????G???????J????????O???
Case #19:
?????????????????????????
?????????????????????????
?????????????????????????
?????????????????????????
?????????????????????????
?????????????????????????
?????????????????????????
?????????????????????????
?????????????????????????
?????????????????????????
?????????????????????????
?????????????????????????
?????????????????????????
?????????????????????????
?????????????????????????
?????????????????????????
?????????????????????????
??????????A????B?????????
??????????C??????????????
???????????????D?????????
???????????E?????????????
?????????????????????????
?????????????????????????
?????????????????????????
?????????????????????????
Case #20:
?????????????????????????
?????????????????????????
?????????????????????????
?????????????????????????
?????????????????????????
?????????????????????????
????????????F????????????
???????????D?R???????????
?????????????????????????
????????????J?IA?????????
??????????XZNWQ??????????
????????UO?V?????????????
??????????C??YP?M????????
??????????SBTL?H?????????
????????????G????????????
???????????KE????????????
?????????????????????????
?????????????????????????
?????????????????????????
?????????????????????????
?????????????????????????
?????????????????????????
?????????????????????????
?????????????????????????
?????????????????????????
Case #21:
?????????????????????????
?????????????????????????
?????????????????????????
?????????????????????????
?????????????????????????
?????????????????????????
?????????????????????????
?????????????????????????
?????????????????????????
?????????????????????????
?????????????????????????
?????????????????????????
?????????????????????????
?????????????????????????
?????????????????????????
?????????????????????????
???????????????????????KJ
??????????????????????V?E
?????????????????????W??R
????????????????????HL??U
???????????????????XB?I?Z
???????????????????A????O
????????????????????????Y
?????????????????NQDC?G?F
???????????????????S??PTM
Case #22:
????????????X?????F??????
????????????????????????C
?????????????????????????
?????????????????????????
??J????H?????????????????
?????????????????????????
????????????????Q????????
???????????????????????D?
????????????????????????Y
?N????????V?I????????????
G???????????????A????????
???S?????????????????????
?????????????????????????
???????????????????????B?
?????????????Z???????????
?????????????????????????
??????????????????E??????
???M????L????????????????
??U???O??????????????????
????????????????????K????
W????????????????????????
????P????????????????????
?????????????????????????
?????????????????????????
????T??????????????R?????
Case #23:
?????????????????????????
?????????????????????????
?????????????????????????
?????????????????????????
?????????????????????????
?????????????????????????
?????????????????????????
?????????????????????????
?????????????????????????
?????????????????????????
?????????????????????????
?????????????????????????
?????????????????????????
????????????????????IO???
???????????????????U?M???
?????????????????R???????
?????????????????B??KHJ??
???????????????????NZ??T?
?????????????????????????
???????????????????????Q?
?????????????????GEAFW???
???????????????????????P?
???????????????X????????D
??????????V?S????????????
??????????????C??Y?L?????
Case #24:
?????????????????????????
?????????????????????????
?????????????????????????
?????????????????????????
?????????????????????????
?????????????????????????
?????????????????????????
?????????????????????????
?????????????????????????
?????????????????????????
?????????????????????????
ABCDEFGHIJKLMNOPQRSTUVWXY
?????????????????????????
?????????????????????????
?????????????????????????
?????????????????????????
?????????????????????????
?????????????????????????
?????????????????????????
?????????????????????????
?????????????????????????
?????????????????????????
?????????????????????????
?????????????????????????
?????????????????????????
Case #25:
?????????????????????????
?I???????????????????????
U????????????????????????
?????????????????????????
?????????????????????????
??Y??????????L???????????
?????????E???????????R???
?????????M???????????????
C???N????????????????????
?????????????????????????
????T???D???X??????????B?
???????????????????????G?
???P??Q??????????????????
????????F????????????????
?????????????????????????
????????????????????S????
?????????????????????????
???????O?????????????????
?????????????A???????????
?????????????????????????
???????H?????????????K???
????????????????????????W
???J?????????????????????
??????????????????V??????
Case #26:
AB
Case #27:
?????
ML???
KIA??
GCHJ?
BNO??
EF???
D????
Case #28:
?????????????????????????
?????????????????????????
?????????????????????????
?????????????????????????
?????????????????????????
?????????????????????????
?????????????????????????
?????????????????????????
ABCDEFGHIJKLMNOPQRSTUVWXY
?????????????????????????
?????????????????????????
?????????????????????????
?????????????????????????
?????????????????????????
?????????????????????????
?????????????????????????
?????????????????????????
?????????????????????????
?????????????????????????
?????????????????????????
?????????????????????????
?????????????????????????
?????????????????????????
?????????????????????????
?????????????????????????
Case #29:
?????????????????????????
?????????????????????????
?????????????????????????
?????????????????????????
A????B???????????????????
C????????????????????????
?????D???????????????????
?E???????????????????????
?????????????????????????
?????????????????????????
?????????????????????????
?????????????????????????
?????????????????????????
?????????????????????????
?????????????????????????
?????????????????????????
?????????????????FH??????
????????????????????J????
?????????????????????????
?????????????????????????
?????????????????????????
?????????????????G?I?????
?????????????????????????
?????????????????????????
?????????????????????????
Case #30:
?????????????????????????
?????????????????????????
?????????????????????????
?????????????????????????
?????????????????????????
?????????????????????????
?????????????????????????
?????????????????????????
?????????????????????????
?????????????????????????
?????????????????????????
?????????????????????????
?????????????????????????
?????????????????????????
?????????????????????????
???????????????TP??MBR???
???????????????W?NVZ??Y??
??????????????J??H?C?U???
?????????????????E?L?KX??
???????????????QA???G????
????????????????SIFO?????
??????????????????D??????
?????????????????????????
?????????????????????????
?????????????????????????
Case #31:
CB
?A
Case #32:
????????????A????????????
????????????B????????????
????????????C????????????
????????????D????????????
????????????E????????????
????????????F????????????
????????????G????????????
????????????H????????????
????????????I????????????
????????????J????????????
????????????K????????????
????????????L????????????
????????????M????????????
????????????N????????????
????????????O????????????
????????????P????????????
????????????Q????????????
????????????R????????????
????????????S????????????
????????????T????????????
????????????U????????????
????????????V????????????
????????????W????????????
????????????X????????????
????????????Y????????????
Case #33:
???????????????F?????????
?????????????????????????
?????????????????????????
V??O?????????????????????
?????????????????????????
?C???????????????????????
?????????????????G???S???
?????????????????????????
??????????????????????N??
???????D?????????Q???????
??????????Y???????M??????
?????????????????????????
????A????????????????????
???W????????????X????????
?????????????????????????
?????????????????????H???
?????????????????????????
???B?????????????????????
?????????????????J???????
???T????Z??????E?????????
?????????L???????????????
????????????????????????P
?????????????????????????
????U????????????????????
??????????RK??I??????????
Case #34:
?????????????????????????
?????????????????????????
?????????????????????????
?????????????????????????
?????????????????????????
?????????????????????????
?????????????????????????
?????????????????????????
?????????????????????????
?????????????????????????
?????????????????????????
?????????????????????????
?????????????????????????
?????????????????????????
?????????????????????????
?????????????????????????
?????????????????????????
??????A????B?????????????
??????C??????????????????
???????????D?????????????
???????E?????????????????
?????????????????????????
?????????????????????????
?????????????????????????
?????????????????????????
Case #35:
???????????A?????????????
???????????B?????????????
???????????C?????????????
???????????D?????????????
???????????E?????????????
???????????F?????????????
???????????G?????????????
???????????H?????????????
???????????I?????????????
???????????J?????????????
???????????K?????????????
???????????L?????????????
???????????M?????????????
???????????N?????????????
???????????O?????????????
???????????P?????????????
???????????Q?????????????
???????????R?????????????
???????????S?????????????
???????????T?????????????
???????????U?????????????
???????????V?????????????
???????????W?????????????
???????????X?????????????
???????????Y?????????????
Case #36:
??
?A
Case #37:
?????????????????????????
?????????????????????????
?????????????????????????
?????????????????????????
?????????????????????????
?????????????????????????
?????????????????????????
?????????????????????????
?????????????????????????
?????????????????????????
?????????????????????????
?????????????????????????
?????????????????????????
?????????????????????????
????????A????B???????????
????????C????????????????
?????????????D???????????
?????????E???????????????
?????????????????????????
?????????????????????????
?????????????????????????
?????????????????????????
?????????????????????????
?????????????????????????
?????????????????????????
Case #38:
?GS?CIE????F?ZB???XAY?N?T
?J?M??KV?RL?WPDQ??HO????U
Case #39:
?????????????????????????
?????????????????????????
??AC?????????????????????
?????E???????????????????
?????????????????????????
?????????????????????????
?????????????????????????
??B?D????????????????????
?????????????????????????
?????????????????????????
?????????????????????????
?????????????????????????
?????????????????????????
?????????????????????????
?????????????????????????
?????????????????????????
?????????????????????????
?????????????????????????
?????????????????????????
????????????????F????G???
????????????????H????????
?????????????????????I???
?????????????????J???????
?????????????????????????
?????????????????????????
Case #40:
?????????????????????????
?????????????????????????
?????????????????????????
?????????????????????????
?????????????????????????
?????????????????????????
?????????????????????????
?????????????????????????
?????????????????????????
?????????????????????????
?????????????????????????
?????????????????????????
?????????????????????????
??????Y??????????????????
???LE????????????????????
????HP??R????????????????
??O???V??????????????????
Z??????I?????????????????
????A????B??W????????????
?F???????KJ??????????????
?S???C????D??????????????
???????GN????????????????
?M???????????????????????
?T??????U?X??????????????
????????Q????????????????
Case #41:
?????????????????????????
?????????????????????????
?????????????????????????
??CY?????????????????????
???R?H???????????????????
?ET??????????????????????
???BX????????????????????
?ZNW????L????????????????
??P????S?M???????????????
?????????????????????????
???????????D?????????????
?????????KI??????????????
????Q????O???????????????
????F???J????????????????
?????GU??????????????????
?????A???????????????????
?????????????????????????
?????????????????????????
??V??????????????????????
?????????????????????????
?????????????????????????
?????????????????????????
?????????????????????????
?????????????????????????
?????????????????????????
Case #42:
?????A???????????????????
?????????????????????????
?????????????????????????
?????????????????????????
?????????????????????????
?????????????????????????
?????????????????????????
?????????????????????????
?????????????????????????
?????????????????????????
?????????????????????????
?????????????????????????
?????????????????????????
?????????????????????????
?????????????????????????
?????????????????????????
?????????????????????????
?????????????????????????
?????????????????????????
?????????????????????????
?????????????????????????
?????????????????????????
?????????????????????????
?????????????????????????
?????????????????????????
Case #43:
?????
??C??
A????
???B?
?????
Case #44:
?????????????????????????
?????????????????????????
?????????????????????????
?????????????????????????
?????????????????????????
?????????????????????????
?????????????????????????
?????????????????????????
?????????????????????????
?A???????????????????????
J?U??????????????????????
T????????????????????????
C?EF?????????????????????
Q??G?????????????????????
?L?Z?P???????????????????
?DNBMYR??????????????????
???IX????????????????????
K??V?????????????????????
SOWH?????????????????????
?????????????????????????
?????????????????????????
?????????????????????????
?????????????????????????
?????????????????????????
?????????????????????????
Case #45:
?????????????????????????
?????????????????????????
?????????????????????????
?????????????????????????
AC???????????????????????
???E?????????????????????
?????????????????????????
?????????????????????????
?????????????????????????
B?D??????????????????????
?????????????????????????
?????????????????????????
?????????????????????????
?????????????????????????
?????????????????????????
?????????????????????????
?????????????????????????
?????????????????????????
?????????????????????????
?????????????????????????
?????????????????????????
?????????????????????????
?????????????????????????
?????????????????????????
?????????????????????????
Case #46:
?????????????????????????
?????????????????????????
?????????????????E?B?????
?????????????????????????
?????????????????????????
?????????????????????L???
????????????????F????????
????D????????????????????
????????????????????????M
?????????????????????G???
???H?????????????????????
??V?????????T????????????
??????????????????????S??
?????????????????????K???
????????????????O????????
????U?????C??????????????
???????Z??????N??????????
???????????????A?????????
????????????????I??W??R??
??????Q??????????????????
????????????????X????????
??????????????????P??????
?????????????????Y???????
?????????????????????????
?????????????????J???????
Case #47:
?????????????????????????
?????????????????????????
?????????Z???????????????
???????????N?V???????????
????????X???????????DT???
?????????????????????????
?????????H???????????????
?????????????????????????
??????????I??????????????
?????????????????L???????
?Y???????????????????????
?????????????????????????
?????????????????????????
????U??????????F?????????
????????????O??P?M??J??G?
????????K?????????????A??
???????????????????C?????
????B????????????????????
?????????????????????????
????S?????????????????W??
?????????????????????????
?????????????????????????
????????????????R????????
??????????????????????Q??
?????????????????E???????
Case #48:
B???
????
????
A???
Case #49:
H????????????????????????
?????????????????????????
???????????????????W?????
??????????????????????E??
?????????????????????????
Y????????V???????????????
???????????????????????J?
????????????S????????????
?ML??????????????????RK??
???????????????????????X?
?????????????????????????
???????????????T?????????
?????????????????????????
?????????G??????????O????
?????????????????????????
????F????????????????????
?Q???????????????????????
????????????????I????????
?????????????????????????
?????????????????????????
?????????????????????????
???????????CD????????????
?????????????????????????
?????B??Z?NP???????A?????
????????????U????????????
Case #50:
?????????????????????????
?????????????????????????
?????????????????????????
?????????????????????????
?????????????????????????
?????????????????????????
?????????????????????????
?????????????????????????
?????????????????????????
?????????????????????????
?????????????????????????
?R???????????????????????
?V???????????????????????
?????????????????????????
?X???????????????????????
?????S???????????????????
??A?K????????????????????
L??PM??Y?????????????????
?????J???????????????????
????DZF??????????????????
??????????I??????????????
?????????????????????????
?B??T???NE???????????????
?UW?C?Q??????????????????
G???O????H???????????????
Case #51:
JGBKED?I?CFL?H?M???A?????
Case #52:
A????????????????????????
?B???????????????????????
??C??????????????????????
???D?????????????????????
????E????????????????????
?????F???????????????????
??????G??????????????????
???????H?????????????????
????????I????????????????
?????????J???????????????
??????????K??????????????
???????????L?????????????
????????????M????????????
?????????????N???????????
??????????????O??????????
???????????????P?????????
????????????????Q????????
?????????????????R???????
??????????????????S??????
???????????????????T?????
????????????????????U????
?????????????????????V???
??????????????????????W??
???????????????????????X?
????????????????????????Y
Case #53:
?????????????????????????
?????????????????????????
?????????????????????????
?????????????????????????
?????????????????????????
?????????????????????????
?????????????????????????
?????????????????????????
?????????????????????????
????K????????????????????
?????????????????????????
?????????????????????????
?????????????????????????
G????????????????????????
??OL?????????????????????
?????????????????????????
?????????HW??????????????
?Q???N?????C?????????????
?????S??IPF??????????????
??AU???B?????????????????
V?XZ???E?????????????????
??MR?????????????????????
??Y??D???????????????????
????JT???????????????????
?????????????????????????
Case #54:
?????????????????????????
????O????????????????????
????????B?????????????N?C
??I??R??????????????????G
??????????Q?????X????????
?S???????????H???????????
?????????????????????????
???????????U?????????????
?????????????????????????
?????????????????????????
????????E????????????????
?????????????????????????
?????PD?????????F????????
???????????????J?????????
?????????????????????????
?????????A???????????????
?????????????????????T???
???????????V?????????????
?????????????????????????
?????W???????????????????
????Z????????????????????
???????????Y??????K??????
???????????L?????????????
????????????M????????????
?????????????????????????
Case #55:
?????????????????????????
?????????????????????????
?????????????????????????
?????????????????????????
?????????????????????????
?????????????????????????
?????????????????????????
?????????????????????????
?????????????????????????
???????????????????A????B
???????????????????C?????
????????????????????????D
????????????????????E????
?????????????????????????
?????????????????????????
?????????????????????????
?????????????????????????
?????????????????????????
?????????????????????????
?????????????????????????
?????????????????????????
?????????????????????????
?????????????????????????
?????????????????????????
?????????????????????????
Case #56:
?????????????????????????
?????????????????????????
???????????????????????FX
???????????????????????A?
?????????????????????B?TS
????????????????????RVZQ?
??????????????????NC?????
???????????????????????MO
???????????????????YK?E?P
?????????????????????WJ??
???????????????????????UD
??????????????????????H?L
???????????????????????G?
?????????????????????????
????????????????????????I
?????????????????????????
?????????????????????????
?????????????????????????
?????????????????????????
?????????????????????????
?????????????????????????
?????????????????????????
?????????????????????????
?????????????????????????
?????????????????????????
Case #57:
???
???
?A?
???
???
Case #58:
?????????????????????????
?????????????????????????
?????????????????????????
?????????????????????????
?????????????????????????
?????????????????????????
?????????????????????????
?????????????????????????
?????????????????????????
?????????????????????????
?????????????????????????
?????????????????????????
?????????????????????????
?????????????????????????
?????????????????????????
?????????????????????????
?????????????????????????
ABCDEFGHIJKLMNOPQRSTUVWXY
?????????????????????????
?????????????????????????
?????????????????????????
?????????????????????????
?????????????????????????
?????????????????????????
?????????????????????????
Case #59:
?????????J???????????????
?????????????????????????
???????????M??X??????????
?W???????????????????????
?????????????????????????
?????????????????????????
???K?????????????????????
???????????????????????V?
?????????????????????????
??????????H???????????Z??
?N??????????U???????P????
????Q????????????????????
?????????????????????????
?????????????????????????
?????????????????????T???
??????????O??????????????
?????????????????????????
?????E????????????????F??
????????????A???R????????
??????????????????L??????
?????????????????????????
????????????B?????S??????
??????????I????????Y?????
??????????G?????C????????
????????D????????????????
Case #60:
?????????????????????????
?????????????????????????
?????????????????????????
?????????????????????????
?????????????????????????
?????????????????????????
???????????AC????????????
??????????????E??????????
?????????????????????????
?????????????????????????
?????????????????????????
???????????B?D???????????
?????????????????????????
?????????????????????????
?????????????????????????
?????????????????????????
?????????????????????????
?????????????????????????
?????????????????????????
?????????????????????????
?????????????????????????
?????????????????????????
?????????????????????????
?????????????????????????
?????????????????????????
Case #61:
???A
????
?B??
Case #62:
?????????????????????????
?????????????????????????
?????????????????????????
?????????????????????????
?????????????????????????
?????????????????????????
?????????????????????????
?????????????????????????
?????????????????????????
?????????????????????????
????????????G?O??????????
?????????????????M???????
?????????????????????????
??????????J???F??????????
?????????L?UY????X???????
???????S??P??????????????
???????Q????H?????V??E???
???????????Z?B?KWCD??????
????????????A????????????
???????????N????TR???????
?????????????????????????
?????????????I???????????
?????????????????????????
?????????????????????????
?????????????????????????
Case #63:
?????????Z?????????????M?
?????????????????????????
?????????????????????????
?????????????Q???????????
?????????????????D???U???
?????????????????????????
????????????????????K????
?????????????????????????
???H?????????????????????
????????????????????G????
?????????R?????????O?????
?????????????????????????
??????P???T?J???????X????
?????????????????????????
S?????????C?????????V????
???????????????N?????????
???I?????????????????????
???????????B?????????????
???????????A??????????E??
??????Y??????????????????
?????????????????????????
???????????????L?????????
F????????????????????????
?????????????????????????
????????????W????????????
Case #64:
?????????????????H???????
????????????????????I?A??
???????????E?????????????
????????????????????????B
?????????????????????????
?K????????T??????????????
?M???????????????????????
?????????????????????????
??????????????????????D??
Z???????????????????V????
W????????????????F???????
?????????????????????????
?????????????????????????
Y?????????????P??????????
?G???N?L????????????Q????
?????????????????????????
?????????????????????????
????????????????C??????X?
?????????????????????????
??????????O??????????????
?????????????????????????
?????????????????????S???
?????????????????????????
????????????????????????R
?????????????U???J???????
Case #65:
?A???????????????????????
?B???????????????????????
?C???????????????????????
?D???????????????????????
?E???????????????????????
?F???????????????????????
?G???????????????????????
?H???????????????????????
?I???????????????????????
?J???????????????????????
?K???????????????????????
?L???????????????????????
?M???????????????????????
?N???????????????????????
?O???????????????????????
?P???????????????????????
?Q???????????????????????
?R???????????????????????
?S???????????????????????
?T???????????????????????
?U???????????????????????
?V???????????????????????
?W???????????????????????
?X???????????????????????
?Y???????????????????????
Case #66:
??????????????A???????L??
??????????????Q???????K??
????????????????V????S??N
?????????????M??????BZ???
????????????????I????????
????????????????HF???????
????????????????????Y???O
???????????????????E???TJ
???????????????????X?D???
??????????????????????U??
??????????????????????P??
?????????????????????????
?????????????????????R?W?
??????????????????????GC?
?????????????????????????
?????????????????????????
?????????????????????????
?????????????????????????
?????????????????????????
?????????????????????????
?????????????????????????
?????????????????????????
?????????????????????????
?????????????????????????
?????????????????????????
Case #67:
?????????????????????????
?????????????????????????
?????????????????????????
?????????????????????????
?????????????????????????
?????????????????????????
?????????????????????????
?????????????????????????
?????????????????????????
?????????????????????????
?????????????????????????
?????????????????????????
?????????????????????????
?????????????????????????
?????????????????????????
?????????????????????????
ABCDEFGHIJKLMNOPQRSTUVWXY
?????????????????????????
?????????????????????????
?????????????????????????
?????????????????????????
?????????????????????????
?????????????????????????
?????????????????????????
?????????????????????????
Case #68:
?????????????????????????
?????????????????????????
?????????????????????????
?????????????????????????
?????????????????????????
?????????????????????????
?????????????????????????
?????????????????????????
?????????????????????????
?????????????????????????
?????????????????????????
?????????????????????????
?????????????????????????
?????????????????????????
?????????????????????????
?????????E???????????????
?????????????????????????
????????V?I??????????????
????????MX??H????????????
?????BWS????K????????????
?????NQZF??C?RY??????????
?????U?JGLA??????????????
???????O????P????????????
??????????D??????????????
?????????T???????????????
Case #69:
?????????????????????????
?????I???????????????????
?????????????????????????
???????????D?????????????
????????O????????????????
??????????????????N??L???
???????????G?T???????????
???????H????????C????????
?????????????????????????
?????????????????????J?U?
?????????????????????????
??????????R??????????????
?????W????E???????????Q??
?????????????????????????
?????????????????????????
?????????F??????????????S
???????????????????????V?
?????????????????????????
?????????????????????????
?????????????????????????
?????????K?????????P??X??
??????????????Y???????Z??
????????????????????B????
???????????????????????M?
??????????????????????A??
Case #70:
?????????????????????????
?????????????????????????
?????????????????????????
?????????????????????????
?????????????????????????
?????????????????????????
?????????????????????????
?????????????????????????
?????????????????????????
?????????????????????????
?????????????????????????
?????????????????????????
?????????????????????????
?????????????????????????
?????????????????????????
?????????????????????????
?????????????????????????
?????????????????????????
?????????????????????????
?????????????????????????
?????????????????????????
?????????????????????????
?????????????????????????
?????????????????????????
ABCDEFGHIJKLMNOPQRSTUVWXY
Case #71:
??????????????????A??????
??????????????????B??????
??????????????????C??????
??????????????????D??????
??????????????????E??????
??????????????????F??????
??????????????????G??????
??????????????????H??????
??????????????????I??????
??????????????????J??????
??????????????????K??????
??????????????????L??????
??????????????????M??????
??????????????????N??????
??????????????????O??????
??????????????????P??????
??????????????????Q??????
??????????????????R??????
??????????????????S??????
??????????????????T??????
??????????????????U??????
??????????????????V??????
??????????????????W??????
??????????????????X??????
??????????????????Y??????
Case #72:
?????????????????????????
?????????????????????????
?????????????????????????
?G????????????????????X??
?????????????????????????
?????W??J????????????????
?????????????????????????
??????????I??????????????
E??????????????????????T?
??????????????????????L??
??Y?????????????B????????
??????????????????????K??
???C?????????????????????
?????????????????????????
??????????????P??????????
????Q???????????????M???N
?A???????????????????????
?????????????????????????
????????R????????????????
?????????????????????????
????????????H????????????
????????D????????????????
????????????????????O??V?
?????????????????????U?S?
????????Z?F??????????????
Case #73:
???
A??
???
???
Case #74:
?
A
Case #75:
A
B
Case #76:
G?A
C?E
BDF
Case #77:
F
?
D
?
?
M
?
H
C
G
E
?
B
?
?
?
K
I
?
A
?
J
?
L
?
Case #78:
?????????????????????????
?????????????????????????
?????????????????????????
?????????????????????????
?????????????????????????
?????????????????????????
?????????????????????????
?????????????????????????
?????????????????????????
?????????????????????????
?????????????????????????
?????????????????????????
?????????????????????????
?????????????????????????
?????????????????????????
?????????????????????????
?????????????????????????
?????????????????????????
??AC?????????????????????
?????E???????????????????
?????????????????????????
?????????????????????????
?????????????????????????
??B?D????????????????????
?????????????????????????
Case #79:
?????????????????????????
?????????????????????????
?????????????????????????
?????????????????????????
?????????????????????????
?????????????????????????
?????????????????????????
?????????????????????????
?????????????????????????
?????????????????????????
?????????????????????????
?????????????????????????
?????????????????????????
?????????????????????????
?????????????????????????
?????????????????????????
?????????????????????????
?????????????????????????
?????????????????????????
?????????????????????????
?????????????????????????
?????????????????????????
?????????????????????????
ABCDEFGHIJKLMNOPQRSTUVWXY
?????????????????????????
Case #80:
??????????A??????????????
??????????B??????????????
??????????C??????????????
??????????D??????????????
??????????E??????????????
??????????F??????????????
??????????G??????????????
??????????H??????????????
??????????I??????????????
??????????J??????????????
??????????K??????????????
??????????L??????????????
??????????M??????????????
??????????N??????????????
??????????O??????????????
??????????P??????????????
??????????Q??????????????
??????????R??????????????
??????????S??????????????
??????????T??????????????
??????????U??????????????
??????????V??????????????
??????????W??????????????
??????????X??????????????
??????????Y??????????????
Case #81:
?????????????????????????
?????????????????????????
?????????????????????????
????????AC???????????????
???????????E?????????????
?????????????????????????
?????????????????????????
?????????????????????????
????????B?D??????????????
?????????????????????????
?????????????????????????
?????????????????????????
?????????????????????????
???????????????F????G????
???????????????H?????????
????????????????????I????
????????????????J????????
?????????????????????????
?????????????????????????
?????????????????????????
?????????????????????????
?????????????????????????
?????????????????????????
?????????????????????????
?????????????????????????
Case #82:
?????????????V???????????
???Z????W????????????????
??????????????G??????????
??????????????????D??????
??????????????????????M??
Q????????????????????????
???????????????????????F?
?PK???E?????????????????I
??????T??????????????????
?????????????????????????
?????????????????????R???
?????????????????????????
????????????H????????????
?????????????????????????
?????????????????????????
?????????????????????????
????Y????????????????????
?????????????S??C????????
???????????????????????A?
????????????U????????????
?J??????????????N???????X
????????B??????????O?????
?????????????????????????
??L??????????????????????
?????????????????????????
Case #83:
?????????????????????????
?????????????????????????
?????????????????????????
?????????????????????????
?????????????????????????
?????????????????????????
?????AC??????????????????
????????E????????????????
?????????????????????????
?????????????????????????
?????????????????????????
?????B?D?????????????????
?????????????????????????
?????????????????????????
?????????????????????????
?????????????????????????
?????????????????????????
?????????????????????????
?????????????????????????
???????????????F????G????
???????????????H?????????
????????????????????I????
????????????????J????????
?????????????????????????
?????????????????????????
Case #84:
?????????????????????????
?????????????????????????
?????????????????????????
?????????????????????????
??A????B?????????????????
??C??????????????????????
???????D?????????????????
???E?????????????????????
?????????????????????????
?????????????????????????
?????????????????????????
?????????????????????????
?????????????????????????
?????????????????????????
????????????????????FH???
???????????????????????J?
?????????????????????????
?????????????????????????
?????????????????????????
????????????????????G?I??
?????????????????????????
?????????????????????????
?????????????????????????
?????????????????????????
?????????????????????????
Case #85:
?????????????????????????
?????????????????????????
?????????????????????????
?????????????????????????
?????????????????????????
?????????????????????????
?????????????????????????
?????????????????????????
?????????????????????????
?????????????????????????
?????????????????????????
??????AC?????????????????
?????????E???????????????
?????????????????????????
?????????????????????????
?????????????????????????
??????B?D????????????????
?????????????????????????
?????????????????????????
?????????????????????????
?????????????????????????
?????????????????????????
?????????????????????????
?????????????????????????
?????????????????????????
Case #86:
?????????????????????????
?????????????????????????
?????????????????????????
?????????????????????????
?????????????????????????
?????????????????????????
?????????????????????????
?????????????????????????
?????????????????????????
?????????????????????????
?????????????????????????
?????????????????????????
?????????????????????????
?????????????????????????
?????????????????????????
?????????????????????????
?????????????????????????
?????????????????????????
ABCDEFGHIJKLMNOPQRSTUVWXY
?????????????????????????
?????????????????????????
?????????????????????????
?????????????????????????
?????????????????????????
?????????????????????????
Case #87:
BC
DA
Case #88:
?A
Case #89:
?????????????????????????
?????????????????????????
?????????????????????????
?????????????????????????
?????????????????????????
?????????????????????????
?????????????????????????
?????????????????????????
?????????????????????????
?????????????????????????
?????????????????????????
?????????????????????????
?????????????????????????
?????????????????????????
?????????????????????????
????????????T????????????
?????????O???????????????
????????G??FC????????????
???????Z????U????????????
???????K???H??J?E????????
?????WB????A???R?????????
????Y????????????????????
?I???S?V?????????????????
?????L??MQ??????X????????
???P????DN???????????????
Case #90:
??????????Z??????????????
??????????K??????????????
?????????????D???????????
?????????????????????????
????????????????????????J
??????????N??R???????P???
?????????????????????????
?????????????????????????
????????????????????????M
????????????????????????F
???????????????O???L?????
???????C?????????????????
???????????????W?????H???
?????????????????????????
?????????????????????????
?????????????????????S???
??B?????????????????T????
??????E??????????????????
??????????????Y???A??????
???I?U?????V???????Q?????
?????????????????????????
??G??????????????????????
X????????????????????????
?????????????????????????
?????????????????????????
Case #91:
??CJH
BAKFG
D?IE?
Case #92:
A?B?C?D?E?F?G?H?I?J?K?L?M
?N?O?P?Q?R?S?T?U?V?W?X?Y?
Z????????????????????????
?????????????????????????
?????????????????????????
?????????????????????????
?????????????????????????
?????????????????????????
?????????????????????????
?????????????????????????
?????????????????????????
?????????????????????????
?????????????????????????
?????????????????????????
?????????????????????????
?????????????????????????
?????????????????????????
?????????????????????????
?????????????????????????
?????????????????????????
?????????????????????????
?????????????????????????
?????????????????????????
?????????????????????????
?????????????????????????
Case #93:
?????????????????????????
?????????????????????????
?????????????????????????
?????????????????????????
?????????????????????????
?????????????????????????
?????????????????????????
???????????????????ZN?X??
????????????????????SF???
???????????????????V?????
???????????????????????K?
?????????????????R???????
?????????????????????B???
????????????LQ???????????
???????????????W???????O?
??????????????D??Y?E?M??T
???????????????????????G?
????????????????I???H???C
???????????????????????A?
??????????????????UJ?????
?????????????????????P???
?????????????????????????
?????????????????????????
?????????????????????????
?????????????????????????
Case #94:
?????????????????????????
?????????????????????????
?????????????????????????
?????????????????????????
?????????????????????????
?????????????????????????
?????????????????????????
?????????????????????????
?????????????????????????
?????????????????????????
?????????????????????????
?????????????????????????
?????????????????????????
?????????????????AC??????
????????????????????E????
?????????????????????????
?????????????????????????
?????????????????????????
?????????????????B?D?????
?????????????????????????
?????????????????????????
?????????????????????????
?????????????????????????
?????????????????????????
?????????????????????????
Case #95:
?K?RDG
JNP??O
CL???I
??AB??
?HQE??
M??F??
Case #96:
???B
??JE
AIDF
??GC
???H
????
Case #97:
?????????????????????????
?????????????????????????
?????????????????????????
?????????????????????????
?????????????????????????
????????AC???????????????
???????????E?????????????
?????????????????????????
?????????????????????????
?????????????????????????
????????B?D??????????????
?????????????????????????
?????????????????????????
?????????????????F????G??
?????????????????H???????
??????????????????????I??
??????????????????J??????
?????????????????????????
?????????????????????????
?????????????????????????
?????????????????????????
?????????????????????????
?????????????????????????
?????????????????????????
?????????????????????????
Case #98:
?????????????????????????
?????????????????????????
?????????????????????????
?????????????????????????
?????????????????????????
?????????????????????????
?????????????????????????
?????????????????????????
?????????????????????????
?????A????B??????????????
?????C???????????????????
??????????D??????????????
??????E??????????????????
?????????????????????????
?????????????????????????
?????????????????????????
?????????????????????????
?????????????????????????
?????????????????????????
?????????????????????????
?????????????????????????
?????????????????????????
?????????????????????????
?????????????????????????
?????????????????????????
Case #99:
?????????????????????????
?????????????????????????
?????????????????????????
?????????????????????????
?????????????????????????
?????????????????????????
?????????????????????????
?????????????????????????
?????????????????????????
?E???????????????????????
?????????????????????????
N?F??????????????????????
GL???????????????????????
??WIR????????????????????
?C?SOM???????????????????
?A????Y??????????????????
????HD???????????????????
ZQUP?????????????????????
B??JV????????????????????
?TX??????????????????????
?K???????????????????????
?????????????????????????
?????????????????????????
?????????????????????????
?????????????????????????
Case #100:
P?
BU
Z?
RC
O?
AS
??
H?
WD
?E
MK
??
QL
G?
??
?T
JX
Y?
??
?V
??
?I
??
??
FN
